
*** Running vivado
    with args -log project_reti_logiche.vds -m64 -mode batch -messageDb vivado.pb -notrace -source project_reti_logiche.tcl


****** Vivado v2016.1 (64-bit)
  **** SW Build 1538259 on Fri Apr  8 15:45:27 MDT 2016
  **** IP Build 1537824 on Fri Apr  8 04:28:57 MDT 2016
    ** Copyright 1986-2016 Xilinx, Inc. All Rights Reserved.

source project_reti_logiche.tcl -notrace
Command: synth_design -top project_reti_logiche -part xc7k70tfbv676-1
Starting synth_design
Attempting to get a license for feature 'Synthesis' and/or device 'xc7k70t'
INFO: [Common 17-349] Got license for feature 'Synthesis' and/or device 'xc7k70t'
INFO: Launching helper process for spawning children vivado processes
INFO: Helper process launched with PID 13712 
---------------------------------------------------------------------------------
Starting Synthesize : Time (s): cpu = 00:00:06 ; elapsed = 00:00:09 . Memory (MB): peak = 273.406 ; gain = 66.469
---------------------------------------------------------------------------------
INFO: [Synth 8-638] synthesizing module 'project_reti_logiche' [C:/Users/salvo/Desktop/Progetto Reti Logiche/10796087.vhd:278]
INFO: [Synth 8-3491] module 'datapath_counter' declared at 'C:/Users/salvo/Desktop/Progetto Reti Logiche/10796087.vhd:25' bound to instance 'DATAPATH0' of component 'datapath_counter' [C:/Users/salvo/Desktop/Progetto Reti Logiche/10796087.vhd:331]
INFO: [Synth 8-638] synthesizing module 'datapath_counter' [C:/Users/salvo/Desktop/Progetto Reti Logiche/10796087.vhd:35]
INFO: [Synth 8-256] done synthesizing module 'datapath_counter' (1#1) [C:/Users/salvo/Desktop/Progetto Reti Logiche/10796087.vhd:35]
INFO: [Synth 8-3491] module 'datapath_address' declared at 'C:/Users/salvo/Desktop/Progetto Reti Logiche/10796087.vhd:58' bound to instance 'DATAPATH1' of component 'datapath_address' [C:/Users/salvo/Desktop/Progetto Reti Logiche/10796087.vhd:338]
INFO: [Synth 8-638] synthesizing module 'datapath_address' [C:/Users/salvo/Desktop/Progetto Reti Logiche/10796087.vhd:71]
INFO: [Synth 8-226] default block is never used [C:/Users/salvo/Desktop/Progetto Reti Logiche/10796087.vhd:89]
INFO: [Synth 8-256] done synthesizing module 'datapath_address' (2#1) [C:/Users/salvo/Desktop/Progetto Reti Logiche/10796087.vhd:71]
INFO: [Synth 8-3491] module 'datapath_core' declared at 'C:/Users/salvo/Desktop/Progetto Reti Logiche/10796087.vhd:101' bound to instance 'DATAPATH2' of component 'datapath_core' [C:/Users/salvo/Desktop/Progetto Reti Logiche/10796087.vhd:348]
INFO: [Synth 8-638] synthesizing module 'datapath_core' [C:/Users/salvo/Desktop/Progetto Reti Logiche/10796087.vhd:117]
INFO: [Synth 8-226] default block is never used [C:/Users/salvo/Desktop/Progetto Reti Logiche/10796087.vhd:180]
INFO: [Synth 8-226] default block is never used [C:/Users/salvo/Desktop/Progetto Reti Logiche/10796087.vhd:184]
INFO: [Synth 8-226] default block is never used [C:/Users/salvo/Desktop/Progetto Reti Logiche/10796087.vhd:188]
INFO: [Synth 8-226] default block is never used [C:/Users/salvo/Desktop/Progetto Reti Logiche/10796087.vhd:192]
INFO: [Synth 8-226] default block is never used [C:/Users/salvo/Desktop/Progetto Reti Logiche/10796087.vhd:196]
INFO: [Synth 8-226] default block is never used [C:/Users/salvo/Desktop/Progetto Reti Logiche/10796087.vhd:200]
INFO: [Synth 8-226] default block is never used [C:/Users/salvo/Desktop/Progetto Reti Logiche/10796087.vhd:204]
INFO: [Synth 8-226] default block is never used [C:/Users/salvo/Desktop/Progetto Reti Logiche/10796087.vhd:209]
INFO: [Synth 8-226] default block is never used [C:/Users/salvo/Desktop/Progetto Reti Logiche/10796087.vhd:213]
INFO: [Synth 8-226] default block is never used [C:/Users/salvo/Desktop/Progetto Reti Logiche/10796087.vhd:226]
INFO: [Synth 8-226] default block is never used [C:/Users/salvo/Desktop/Progetto Reti Logiche/10796087.vhd:230]
INFO: [Synth 8-256] done synthesizing module 'datapath_core' (3#1) [C:/Users/salvo/Desktop/Progetto Reti Logiche/10796087.vhd:117]
INFO: [Synth 8-256] done synthesizing module 'project_reti_logiche' (4#1) [C:/Users/salvo/Desktop/Progetto Reti Logiche/10796087.vhd:278]
---------------------------------------------------------------------------------
Finished Synthesize : Time (s): cpu = 00:00:07 ; elapsed = 00:00:10 . Memory (MB): peak = 310.785 ; gain = 103.848
---------------------------------------------------------------------------------
---------------------------------------------------------------------------------
Finished Constraint Validation : Time (s): cpu = 00:00:07 ; elapsed = 00:00:10 . Memory (MB): peak = 310.785 ; gain = 103.848
---------------------------------------------------------------------------------
---------------------------------------------------------------------------------
Start Loading Part and Timing Information
---------------------------------------------------------------------------------
Loading part: xc7k70tfbv676-1
INFO: [Device 21-403] Loading part xc7k70tfbv676-1
---------------------------------------------------------------------------------
Finished Loading Part and Timing Information : Time (s): cpu = 00:00:07 ; elapsed = 00:00:10 . Memory (MB): peak = 310.785 ; gain = 103.848
---------------------------------------------------------------------------------
INFO: [Synth 8-5818] HDL ADVISOR - The operator resource <adder> is shared. To prevent sharing consider applying a KEEP on the output of the operator [C:/Users/salvo/Desktop/Progetto Reti Logiche/10796087.vhd:230]
INFO: [Synth 8-5818] HDL ADVISOR - The operator resource <adder> is shared. To prevent sharing consider applying a KEEP on the output of the operator [C:/Users/salvo/Desktop/Progetto Reti Logiche/10796087.vhd:226]
INFO: [Synth 8-5546] ROM "in_setup_reg[0]" won't be mapped to RAM because it is too sparse
INFO: [Synth 8-5546] ROM "in_setup_reg[1]" won't be mapped to RAM because it is too sparse
INFO: [Synth 8-5546] ROM "in_setup_reg[2]" won't be mapped to RAM because it is too sparse
INFO: [Synth 8-5546] ROM "in_setup_reg[3]" won't be mapped to RAM because it is too sparse
INFO: [Synth 8-5546] ROM "in_setup_reg[4]" won't be mapped to RAM because it is too sparse
INFO: [Synth 8-5546] ROM "in_setup_reg[5]" won't be mapped to RAM because it is too sparse
INFO: [Synth 8-5546] ROM "in_setup_reg[6]" won't be mapped to RAM because it is too sparse
INFO: [Synth 8-5546] ROM "in_setup_reg[7]" won't be mapped to RAM because it is too sparse
INFO: [Synth 8-5546] ROM "in_setup_reg[8]" won't be mapped to RAM because it is too sparse
INFO: [Synth 8-5546] ROM "in_setup_reg[9]" won't be mapped to RAM because it is too sparse
INFO: [Synth 8-5546] ROM "in_setup_reg[10]" won't be mapped to RAM because it is too sparse
INFO: [Synth 8-5546] ROM "in_setup_reg[11]" won't be mapped to RAM because it is too sparse
INFO: [Synth 8-5546] ROM "in_setup_reg[12]" won't be mapped to RAM because it is too sparse
INFO: [Synth 8-5546] ROM "in_setup_reg[13]" won't be mapped to RAM because it is too sparse
INFO: [Synth 8-5546] ROM "in_setup_reg[14]" won't be mapped to RAM because it is too sparse
INFO: [Synth 8-5546] ROM "in_setup_reg[15]" won't be mapped to RAM because it is too sparse
INFO: [Synth 8-5546] ROM "in_setup_reg[16]" won't be mapped to RAM because it is too sparse
INFO: [Synth 8-41] '+' operator could not be merged with '+' operator due to loss of accuracy [C:/Users/salvo/Desktop/Progetto Reti Logiche/10796087.vhd:414]
INFO: [Synth 8-41] '+' operator could not be merged with '+' operator due to loss of accuracy [C:/Users/salvo/Desktop/Progetto Reti Logiche/10796087.vhd:414]
INFO: [Synth 8-41] '+' operator could not be merged with '+' operator due to loss of accuracy [C:/Users/salvo/Desktop/Progetto Reti Logiche/10796087.vhd:414]
INFO: [Synth 8-802] inferred FSM for state register 'cur_state_reg' in module 'project_reti_logiche'
INFO: [Synth 8-5544] ROM "next_state" won't be mapped to Block RAM because address size (1) smaller than threshold (5)
INFO: [Synth 8-5544] ROM "next_state" won't be mapped to Block RAM because address size (1) smaller than threshold (5)
INFO: [Synth 8-5544] ROM "next_state" won't be mapped to Block RAM because address size (1) smaller than threshold (5)
---------------------------------------------------------------------------------------------------
                   State |                     New Encoding |                Previous Encoding 
---------------------------------------------------------------------------------------------------
                      s0 |                             0000 |                             0000
                      s1 |                             0001 |                             0001
                      s2 |                             0010 |                             0010
                      s3 |                             0011 |                             0011
                      s4 |                             0100 |                             0100
                      s5 |                             0101 |                             0101
                      s6 |                             0110 |                             0110
                      s7 |                             0111 |                             0111
                      s8 |                             1000 |                             1000
                      s9 |                             1001 |                             1001
                     s10 |                             1010 |                             1010
                     s11 |                             1011 |                             1011
                     s12 |                             1100 |                             1100
                     s13 |                             1101 |                             1101
                     s14 |                             1110 |                             1110
                  iSTATE |                             1111 |                             1111
---------------------------------------------------------------------------------------------------
INFO: [Synth 8-3354] encoded FSM with state register 'cur_state_reg' using encoding 'sequential' in module 'project_reti_logiche'
---------------------------------------------------------------------------------
Finished RTL Optimization Phase 2 : Time (s): cpu = 00:00:07 ; elapsed = 00:00:11 . Memory (MB): peak = 337.598 ; gain = 130.660
---------------------------------------------------------------------------------

Report RTL Partitions: 
+-+--------------+------------+----------+
| |RTL Partition |Replication |Instances |
+-+--------------+------------+----------+
+-+--------------+------------+----------+
No constraint files found.
---------------------------------------------------------------------------------
Start RTL Component Statistics 
---------------------------------------------------------------------------------
Detailed RTL Component Info : 
+---Adders : 
	   8 Input     18 Bit       Adders := 1     
	   3 Input     18 Bit       Adders := 1     
	   2 Input     17 Bit       Adders := 2     
	   4 Input     16 Bit       Adders := 1     
+---Registers : 
	               16 Bit    Registers := 1     
	                8 Bit    Registers := 24    
+---Muxes : 
	   2 Input     18 Bit        Muxes := 3     
	   2 Input     16 Bit        Muxes := 3     
	   2 Input      8 Bit        Muxes := 10    
	  20 Input      4 Bit        Muxes := 1     
	   2 Input      1 Bit        Muxes := 17    
	  16 Input      1 Bit        Muxes := 8     
---------------------------------------------------------------------------------
Finished RTL Component Statistics 
---------------------------------------------------------------------------------
---------------------------------------------------------------------------------
Start RTL Hierarchical Component Statistics 
---------------------------------------------------------------------------------
Hierarchical RTL Component report 
Module project_reti_logiche 
Detailed RTL Component Info : 
+---Adders : 
	   3 Input     18 Bit       Adders := 1     
	   2 Input     17 Bit       Adders := 2     
+---Muxes : 
	  20 Input      4 Bit        Muxes := 1     
	  16 Input      1 Bit        Muxes := 8     
Module datapath_address 
Detailed RTL Component Info : 
+---Adders : 
	   4 Input     16 Bit       Adders := 1     
+---Registers : 
	               16 Bit    Registers := 1     
+---Muxes : 
	   2 Input     16 Bit        Muxes := 1     
Module datapath_core 
Detailed RTL Component Info : 
+---Adders : 
	   8 Input     18 Bit       Adders := 1     
+---Registers : 
	                8 Bit    Registers := 24    
+---Muxes : 
	   2 Input     18 Bit        Muxes := 3     
	   2 Input     16 Bit        Muxes := 2     
	   2 Input      8 Bit        Muxes := 10    
	   2 Input      1 Bit        Muxes := 17    
---------------------------------------------------------------------------------
Finished RTL Hierarchical Component Statistics
---------------------------------------------------------------------------------
---------------------------------------------------------------------------------
Start Part Resource Summary
---------------------------------------------------------------------------------
Part Resources:
DSPs: 240 (col length:80)
BRAMs: 270 (col length: RAMB18 80 RAMB36 40)
---------------------------------------------------------------------------------
Finished Part Resource Summary
---------------------------------------------------------------------------------
Start Parallel Synthesis Optimization  : Time (s): cpu = 00:00:10 ; elapsed = 00:00:15 . Memory (MB): peak = 430.246 ; gain = 223.309
---------------------------------------------------------------------------------
Start Cross Boundary Optimization
---------------------------------------------------------------------------------
INFO: [Synth 8-5546] ROM "DATAPATH2/in_setup_reg[2]" won't be mapped to RAM because it is too sparse
INFO: [Synth 8-5546] ROM "DATAPATH2/in_setup_reg[11]" won't be mapped to RAM because it is too sparse
INFO: [Synth 8-5546] ROM "DATAPATH2/in_setup_reg[4]" won't be mapped to RAM because it is too sparse
INFO: [Synth 8-5546] ROM "DATAPATH2/in_setup_reg[12]" won't be mapped to RAM because it is too sparse
INFO: [Synth 8-5546] ROM "DATAPATH2/in_setup_reg[5]" won't be mapped to RAM because it is too sparse
INFO: [Synth 8-5546] ROM "DATAPATH2/in_setup_reg[13]" won't be mapped to RAM because it is too sparse
INFO: [Synth 8-5546] ROM "DATAPATH2/in_setup_reg[6]" won't be mapped to RAM because it is too sparse
INFO: [Synth 8-5546] ROM "DATAPATH2/in_setup_reg[14]" won't be mapped to RAM because it is too sparse
INFO: [Synth 8-5546] ROM "DATAPATH2/in_setup_reg[7]" won't be mapped to RAM because it is too sparse
INFO: [Synth 8-5546] ROM "DATAPATH2/in_setup_reg[15]" won't be mapped to RAM because it is too sparse
INFO: [Synth 8-5546] ROM "DATAPATH2/in_setup_reg[8]" won't be mapped to RAM because it is too sparse
INFO: [Synth 8-5546] ROM "DATAPATH2/in_setup_reg[16]" won't be mapped to RAM because it is too sparse
INFO: [Synth 8-5546] ROM "DATAPATH2/in_setup_reg[9]" won't be mapped to RAM because it is too sparse
INFO: [Synth 8-5546] ROM "DATAPATH2/in_setup_reg[10]" won't be mapped to RAM because it is too sparse
INFO: [Synth 8-5546] ROM "DATAPATH2/in_setup_reg[3]" won't be mapped to RAM because it is too sparse
INFO: [Synth 8-5546] ROM "DATAPATH2/in_setup_reg[1]" won't be mapped to RAM because it is too sparse
INFO: [Synth 8-5546] ROM "DATAPATH2/in_setup_reg[0]" won't be mapped to RAM because it is too sparse
---------------------------------------------------------------------------------
Finished Cross Boundary Optimization : Time (s): cpu = 00:00:11 ; elapsed = 00:00:15 . Memory (MB): peak = 430.441 ; gain = 223.504
---------------------------------------------------------------------------------
Finished Parallel Reinference  : Time (s): cpu = 00:00:11 ; elapsed = 00:00:15 . Memory (MB): peak = 430.441 ; gain = 223.504

Report RTL Partitions: 
+-+--------------+------------+----------+
| |RTL Partition |Replication |Instances |
+-+--------------+------------+----------+
+-+--------------+------------+----------+
No constraint files found.
---------------------------------------------------------------------------------
Start Area Optimization
---------------------------------------------------------------------------------
WARNING: [Synth 8-3332] Sequential element (DATAPATH2/in_setup_reg[2][7]) is unused and will be removed from module project_reti_logiche.
WARNING: [Synth 8-3332] Sequential element (DATAPATH2/in_setup_reg[2][6]) is unused and will be removed from module project_reti_logiche.
WARNING: [Synth 8-3332] Sequential element (DATAPATH2/in_setup_reg[2][5]) is unused and will be removed from module project_reti_logiche.
WARNING: [Synth 8-3332] Sequential element (DATAPATH2/in_setup_reg[2][4]) is unused and will be removed from module project_reti_logiche.
WARNING: [Synth 8-3332] Sequential element (DATAPATH2/in_setup_reg[2][3]) is unused and will be removed from module project_reti_logiche.
WARNING: [Synth 8-3332] Sequential element (DATAPATH2/in_setup_reg[2][2]) is unused and will be removed from module project_reti_logiche.
WARNING: [Synth 8-3332] Sequential element (DATAPATH2/in_setup_reg[2][1]) is unused and will be removed from module project_reti_logiche.
---------------------------------------------------------------------------------
Finished Area Optimization : Time (s): cpu = 00:00:13 ; elapsed = 00:00:18 . Memory (MB): peak = 472.754 ; gain = 265.816
---------------------------------------------------------------------------------
Finished Parallel Area Optimization  : Time (s): cpu = 00:00:13 ; elapsed = 00:00:18 . Memory (MB): peak = 472.754 ; gain = 265.816

Report RTL Partitions: 
+-+--------------+------------+----------+
| |RTL Partition |Replication |Instances |
+-+--------------+------------+----------+
+-+--------------+------------+----------+
---------------------------------------------------------------------------------
Start Timing Optimization
---------------------------------------------------------------------------------
No constraint files found.
---------------------------------------------------------------------------------
Finished Timing Optimization : Time (s): cpu = 00:00:13 ; elapsed = 00:00:18 . Memory (MB): peak = 472.754 ; gain = 265.816
---------------------------------------------------------------------------------

Report RTL Partitions: 
+-+--------------+------------+----------+
| |RTL Partition |Replication |Instances |
+-+--------------+------------+----------+
+-+--------------+------------+----------+
---------------------------------------------------------------------------------
Start Technology Mapping
---------------------------------------------------------------------------------
---------------------------------------------------------------------------------
Finished Technology Mapping : Time (s): cpu = 00:00:13 ; elapsed = 00:00:18 . Memory (MB): peak = 472.754 ; gain = 265.816
---------------------------------------------------------------------------------
Finished Parallel Technology Mapping Optimization  : Time (s): cpu = 00:00:13 ; elapsed = 00:00:18 . Memory (MB): peak = 472.754 ; gain = 265.816

Report RTL Partitions: 
+-+--------------+------------+----------+
| |RTL Partition |Replication |Instances |
+-+--------------+------------+----------+
+-+--------------+------------+----------+
Finished Parallel Synthesis Optimization  : Time (s): cpu = 00:00:13 ; elapsed = 00:00:18 . Memory (MB): peak = 472.754 ; gain = 265.816
---------------------------------------------------------------------------------
Start IO Insertion
---------------------------------------------------------------------------------
---------------------------------------------------------------------------------
Start Flattening Before IO Insertion
---------------------------------------------------------------------------------
---------------------------------------------------------------------------------
Finished Flattening Before IO Insertion
---------------------------------------------------------------------------------
---------------------------------------------------------------------------------
Start Final Netlist Cleanup
---------------------------------------------------------------------------------
---------------------------------------------------------------------------------
Finished Final Netlist Cleanup
---------------------------------------------------------------------------------
---------------------------------------------------------------------------------
Finished IO Insertion : Time (s): cpu = 00:00:14 ; elapsed = 00:00:19 . Memory (MB): peak = 472.754 ; gain = 265.816
---------------------------------------------------------------------------------

Report Check Netlist: 
+------+------------------+-------+---------+-------+------------------+
|      |Item              |Errors |Warnings |Status |Description       |
+------+------------------+-------+---------+-------+------------------+
|1     |multi_driven_nets |      0|        0|Passed |Multi driven nets |
+------+------------------+-------+---------+-------+------------------+
---------------------------------------------------------------------------------
Start Renaming Generated Instances
---------------------------------------------------------------------------------
---------------------------------------------------------------------------------
Finished Renaming Generated Instances : Time (s): cpu = 00:00:14 ; elapsed = 00:00:19 . Memory (MB): peak = 472.754 ; gain = 265.816
---------------------------------------------------------------------------------

Report RTL Partitions: 
+-+--------------+------------+----------+
| |RTL Partition |Replication |Instances |
+-+--------------+------------+----------+
+-+--------------+------------+----------+
---------------------------------------------------------------------------------
Start Rebuilding User Hierarchy
---------------------------------------------------------------------------------
---------------------------------------------------------------------------------
Finished Rebuilding User Hierarchy : Time (s): cpu = 00:00:14 ; elapsed = 00:00:19 . Memory (MB): peak = 472.754 ; gain = 265.816
---------------------------------------------------------------------------------
---------------------------------------------------------------------------------
Start Renaming Generated Ports
---------------------------------------------------------------------------------
---------------------------------------------------------------------------------
Finished Renaming Generated Ports : Time (s): cpu = 00:00:14 ; elapsed = 00:00:19 . Memory (MB): peak = 472.754 ; gain = 265.816
---------------------------------------------------------------------------------
---------------------------------------------------------------------------------
Start Handling Custom Attributes
---------------------------------------------------------------------------------
---------------------------------------------------------------------------------
Finished Handling Custom Attributes : Time (s): cpu = 00:00:14 ; elapsed = 00:00:19 . Memory (MB): peak = 472.754 ; gain = 265.816
---------------------------------------------------------------------------------
---------------------------------------------------------------------------------
Start Renaming Generated Nets
---------------------------------------------------------------------------------
---------------------------------------------------------------------------------
Finished Renaming Generated Nets : Time (s): cpu = 00:00:14 ; elapsed = 00:00:19 . Memory (MB): peak = 472.754 ; gain = 265.816
---------------------------------------------------------------------------------
---------------------------------------------------------------------------------
Start Writing Synthesis Report
---------------------------------------------------------------------------------

Report BlackBoxes: 
+-+--------------+----------+
| |BlackBox name |Instances |
+-+--------------+----------+
+-+--------------+----------+

Report Cell Usage: 
+------+-------+------+
|      |Cell   |Count |
+------+-------+------+
|1     |BUFG   |     1|
|2     |CARRY4 |   153|
|3     |LUT1   |    59|
|4     |LUT2   |   155|
|5     |LUT3   |   128|
|6     |LUT4   |   252|
|7     |LUT5   |    94|
|8     |LUT6   |   360|
|9     |FDCE   |   224|
|10    |IBUF   |    27|
|11    |OBUF   |    27|
+------+-------+------+

Report Instance Areas: 
+------+------------+-----------------+------+
|      |Instance    |Module           |Cells |
+------+------------+-----------------+------+
|1     |top         |                 |  1480|
|2     |  DATAPATH0 |datapath_counter |   100|
|3     |  DATAPATH1 |datapath_address |    37|
|4     |  DATAPATH2 |datapath_core    |  1279|
+------+------------+-----------------+------+
---------------------------------------------------------------------------------
Finished Writing Synthesis Report : Time (s): cpu = 00:00:14 ; elapsed = 00:00:19 . Memory (MB): peak = 472.754 ; gain = 265.816
---------------------------------------------------------------------------------
Synthesis finished with 0 errors, 0 critical warnings and 7 warnings.
Synthesis Optimization Runtime : Time (s): cpu = 00:00:12 ; elapsed = 00:00:14 . Memory (MB): peak = 472.754 ; gain = 265.816
Synthesis Optimization Complete : Time (s): cpu = 00:00:14 ; elapsed = 00:00:19 . Memory (MB): peak = 472.754 ; gain = 265.816
INFO: [Project 1-571] Translating synthesized netlist
INFO: [Netlist 29-17] Analyzing 180 Unisim elements for replacement
INFO: [Netlist 29-28] Unisim Transformation completed in 0 CPU seconds
WARNING: [Netlist 29-101] Netlist 'project_reti_logiche' is not ideal for floorplanning, since the cellview 'datapath_core' contains a large number of primitives.  Please consider enabling hierarchy in synthesis if you want to do floorplanning.
INFO: [Project 1-570] Preparing netlist for logic optimization
INFO: [Opt 31-138] Pushed 0 inverter(s) to 0 load pin(s).
INFO: [Project 1-111] Unisim Transformation Summary:
No Unisim elements were transformed.

INFO: [Common 17-83] Releasing license: Synthesis
76 Infos, 8 Warnings, 0 Critical Warnings and 0 Errors encountered.
synth_design completed successfully
synth_design: Time (s): cpu = 00:00:15 ; elapsed = 00:00:18 . Memory (MB): peak = 531.543 ; gain = 324.605
report_utilization: Time (s): cpu = 00:00:00 ; elapsed = 00:00:00.026 . Memory (MB): peak = 531.543 ; gain = 0.000
INFO: [Common 17-206] Exiting Vivado at Thu Aug 14 14:43:49 2025...
